\BOOKMARK [1][-]{section*.1}{Zusammenfassung}{}% 1
\BOOKMARK [1][-]{section*.2}{Abstract}{}% 2
\BOOKMARK [0][-]{chapter.1}{Introduction}{}% 3
\BOOKMARK [0][-]{chapter.2}{The Standard Model and its extension to Supersymmetry}{}% 4
\BOOKMARK [1][-]{section.2.1}{The Standard Model of particle physics}{chapter.2}% 5
\BOOKMARK [1][-]{section.2.2}{Motivation for extending the Standard Model and Supersymmetry}{chapter.2}% 6
\BOOKMARK [1][-]{section.2.3}{Production of lepton pairs in supersymmetric models}{chapter.2}% 7
\BOOKMARK [1][-]{section.2.4}{Kinematic edges in the dilepton invariant mass spectrum}{chapter.2}% 8
\BOOKMARK [0][-]{chapter.3}{Experimental setup}{}% 9
\BOOKMARK [1][-]{section.3.1}{The CERN Large Hadron Collider}{chapter.3}% 10
\BOOKMARK [1][-]{section.3.2}{The CMS detector}{chapter.3}% 11
\BOOKMARK [1][-]{section.3.3}{Data acquisition and event reconstruction}{chapter.3}% 12
\BOOKMARK [0][-]{chapter.4}{Data analysis and event selection}{}% 13
\BOOKMARK [1][-]{section.4.1}{Trigger and event processing}{chapter.4}% 14
\BOOKMARK [1][-]{section.4.2}{Object reconstruction}{chapter.4}% 15
\BOOKMARK [1][-]{section.4.3}{Datasets}{chapter.4}% 16
\BOOKMARK [1][-]{section.4.4}{Event selection}{chapter.4}% 17
\BOOKMARK [0][-]{chapter.5}{Estimation of Standard Model backgrounds}{}% 18
\BOOKMARK [1][-]{section.5.1}{Flavour-symmetric backgrounds}{chapter.5}% 19
\BOOKMARK [1][-]{section.5.2}{Backgrounds containing a Z boson}{chapter.5}% 20
\BOOKMARK [1][-]{section.5.3}{Investigation of possible further backgrounds}{chapter.5}% 21
\BOOKMARK [1][-]{section.5.4}{Search for a kinematic edge with a fit}{chapter.5}% 22
\BOOKMARK [0][-]{chapter.6}{Results}{}% 23
\BOOKMARK [1][-]{section.6.1}{Result of the counting experiment}{chapter.6}% 24
\BOOKMARK [1][-]{section.6.2}{Result of the search for a kinematic edge}{chapter.6}% 25
\BOOKMARK [0][-]{chapter.7}{Interpretation in simplified models}{}% 26
\BOOKMARK [1][-]{section.7.1}{Simplified Models for Supersymmetric Signatures}{chapter.7}% 27
\BOOKMARK [1][-]{section.7.2}{The T6bblledge and T6bbslepton model}{chapter.7}% 28
\BOOKMARK [1][-]{section.7.3}{Interpretation of the counting experiment in simplified models}{chapter.7}% 29
\BOOKMARK [0][-]{chapter.8}{Outlook to LHC Run II}{}% 30
\BOOKMARK [0][-]{chapter.9}{Conclusion}{}% 31
